Determining if the pthread_create exist failed with the following output:
Change Dir: /home/akshay/modern_cpp/cmake_examples/cmake_simple/build/CMakeFiles/CMakeTmp

Run Build Command:"/usr/bin/make" "cmTC_f827f/fast"
/usr/bin/make -f CMakeFiles/cmTC_f827f.dir/build.make CMakeFiles/cmTC_f827f.dir/build
make[1]: Entering directory '/home/akshay/modern_cpp/cmake_examples/cmake_simple/build/CMakeFiles/CMakeTmp'
Building C object CMakeFiles/cmTC_f827f.dir/CheckSymbolExists.c.o
/usr/bin/cc    -o CMakeFiles/cmTC_f827f.dir/CheckSymbolExists.c.o   -c /home/akshay/modern_cpp/cmake_examples/cmake_simple/build/CMakeFiles/CMakeTmp/CheckSymbolExists.c
Linking C executable cmTC_f827f
/usr/local/bin/cmake -E cmake_link_script CMakeFiles/cmTC_f827f.dir/link.txt --verbose=1
/usr/bin/cc      -rdynamic CMakeFiles/cmTC_f827f.dir/CheckSymbolExists.c.o  -o cmTC_f827f 
CMakeFiles/cmTC_f827f.dir/CheckSymbolExists.c.o: In function `main':
CheckSymbolExists.c:(.text+0x16): undefined reference to `pthread_create'
collect2: error: ld returned 1 exit status
CMakeFiles/cmTC_f827f.dir/build.make:86: recipe for target 'cmTC_f827f' failed
make[1]: *** [cmTC_f827f] Error 1
make[1]: Leaving directory '/home/akshay/modern_cpp/cmake_examples/cmake_simple/build/CMakeFiles/CMakeTmp'
Makefile:121: recipe for target 'cmTC_f827f/fast' failed
make: *** [cmTC_f827f/fast] Error 2

File /home/akshay/modern_cpp/cmake_examples/cmake_simple/build/CMakeFiles/CMakeTmp/CheckSymbolExists.c:
/* */
#include <pthread.h>

int main(int argc, char** argv)
{
  (void)argv;
#ifndef pthread_create
  return ((int*)(&pthread_create))[argc];
#else
  (void)argc;
  return 0;
#endif
}

Determining if the function pthread_create exists in the pthreads failed with the following output:
Change Dir: /home/akshay/modern_cpp/cmake_examples/cmake_simple/build/CMakeFiles/CMakeTmp

Run Build Command:"/usr/bin/make" "cmTC_d10bc/fast"
/usr/bin/make -f CMakeFiles/cmTC_d10bc.dir/build.make CMakeFiles/cmTC_d10bc.dir/build
make[1]: Entering directory '/home/akshay/modern_cpp/cmake_examples/cmake_simple/build/CMakeFiles/CMakeTmp'
Building C object CMakeFiles/cmTC_d10bc.dir/CheckFunctionExists.c.o
/usr/bin/cc   -DCHECK_FUNCTION_EXISTS=pthread_create   -o CMakeFiles/cmTC_d10bc.dir/CheckFunctionExists.c.o   -c /usr/local/share/cmake-3.13/Modules/CheckFunctionExists.c
Linking C executable cmTC_d10bc
/usr/local/bin/cmake -E cmake_link_script CMakeFiles/cmTC_d10bc.dir/link.txt --verbose=1
/usr/bin/cc  -DCHECK_FUNCTION_EXISTS=pthread_create    -rdynamic CMakeFiles/cmTC_d10bc.dir/CheckFunctionExists.c.o  -o cmTC_d10bc -lpthreads 
/usr/bin/ld: cannot find -lpthreads
collect2: error: ld returned 1 exit status
CMakeFiles/cmTC_d10bc.dir/build.make:86: recipe for target 'cmTC_d10bc' failed
make[1]: *** [cmTC_d10bc] Error 1
make[1]: Leaving directory '/home/akshay/modern_cpp/cmake_examples/cmake_simple/build/CMakeFiles/CMakeTmp'
Makefile:121: recipe for target 'cmTC_d10bc/fast' failed
make: *** [cmTC_d10bc/fast] Error 2


